{"C:\\Users\\warcr\\Documents\\Work\\WebStorm\\AngularFire\\FireAuth\\functions\\src\\users\\user.service.ts": {"path":"C:\\Users\\warcr\\Documents\\Work\\WebStorm\\AngularFire\\FireAuth\\functions\\src\\users\\user.service.ts","statementMap":{"0":{"start":{"line":5,"column":22},"end":{"line":5,"column":52}},"1":{"start":{"line":8,"column":4},"end":{"line":8,"column":51}},"2":{"start":{"line":12,"column":4},"end":{"line":18,"column":7}},"3":{"start":{"line":4,"column":0},"end":{"line":4,"column":13}}},"fnMap":{"0":{"name":"(anonymous_0)","decl":{"start":{"line":5,"column":2},"end":{"line":5,"column":22}},"loc":{"start":{"line":5,"column":52},"end":{"line":5,"column":56}}},"1":{"name":"(anonymous_1)","decl":{"start":{"line":7,"column":2},"end":{"line":7,"column":16}},"loc":{"start":{"line":7,"column":28},"end":{"line":9,"column":3}}},"2":{"name":"(anonymous_2)","decl":{"start":{"line":11,"column":2},"end":{"line":11,"column":20}},"loc":{"start":{"line":11,"column":37},"end":{"line":19,"column":3}}}},"branchMap":{},"s":{"0":1,"1":0,"2":0,"3":1},"f":{"0":1,"1":0,"2":0},"b":{}}
}
